<?xml version="1.0" encoding="UTF-8"?>
<testsuite name="com.learning.first.ControllerIntegrationTests" tests="1" skipped="0" failures="0" errors="0" timestamp="2023-03-07T19:21:38" hostname="Jims-MBP-2" time="0.467">
  <properties/>
  <testcase name="getGreeting()" classname="com.learning.first.ControllerIntegrationTests" time="0.467"/>
  <system-out><![CDATA[19:21:37.596 [Test worker] DEBUG org.springframework.boot.test.context.SpringBootTestContextBootstrapper - Neither @ContextConfiguration nor @ContextHierarchy found for test class [ControllerIntegrationTests]: using SpringBootContextLoader
19:21:37.601 [Test worker] DEBUG org.springframework.test.context.support.AbstractContextLoader - Could not detect default resource locations for test class [com.learning.first.ControllerIntegrationTests]: no resource found for suffixes {-context.xml, Context.groovy}.
19:21:37.602 [Test worker] INFO org.springframework.test.context.support.AnnotationConfigContextLoaderUtils - Could not detect default configuration classes for test class [com.learning.first.ControllerIntegrationTests]: ControllerIntegrationTests does not declare any static, non-private, non-final, nested classes annotated with @Configuration.
19:21:37.618 [Test worker] DEBUG org.springframework.boot.test.context.SpringBootTestContextBootstrapper - Using ContextCustomizers for test class [ControllerIntegrationTests]: [DisableObservabilityContextCustomizer, PropertyMappingContextCustomizer, Customizer, ExcludeFilterContextCustomizer, DuplicateJsonObjectContextCustomizer, MockitoContextCustomizer, TestRestTemplateContextCustomizer]
19:21:37.726 [Test worker] DEBUG org.springframework.context.annotation.ClassPathScanningCandidateComponentProvider - Identified candidate component class: file [/Users/jf/Documents/github.com/first/build/classes/java/main/com/learning/first/FirstApplication.class]
19:21:37.742 [Test worker] INFO org.springframework.boot.test.context.SpringBootTestContextBootstrapper - Found @SpringBootConfiguration com.learning.first.FirstApplication for test class com.learning.first.ControllerIntegrationTests
19:21:37.807 [Test worker] DEBUG org.springframework.test.context.util.TestContextSpringFactoriesUtils - Skipping candidate TestExecutionListener [org.springframework.test.context.transaction.TransactionalTestExecutionListener] due to a missing dependency. Specify custom TestExecutionListener classes or make the default TestExecutionListener classes and their required dependencies available. Offending class: [org/springframework/transaction/interceptor/TransactionAttributeSource]
19:21:37.808 [Test worker] DEBUG org.springframework.test.context.util.TestContextSpringFactoriesUtils - Skipping candidate TestExecutionListener [org.springframework.test.context.jdbc.SqlScriptsTestExecutionListener] due to a missing dependency. Specify custom TestExecutionListener classes or make the default TestExecutionListener classes and their required dependencies available. Offending class: [org/springframework/transaction/interceptor/TransactionAttribute]
19:21:37.809 [Test worker] DEBUG org.springframework.boot.test.context.SpringBootTestContextBootstrapper - Using TestExecutionListeners for test class [ControllerIntegrationTests]: [ServletTestExecutionListener, DirtiesContextBeforeModesTestExecutionListener, ApplicationEventsTestExecutionListener, MockitoTestExecutionListener, DependencyInjectionTestExecutionListener, DirtiesContextTestExecutionListener, EventPublishingTestExecutionListener, RestDocsTestExecutionListener, MockRestServiceServerResetTestExecutionListener, MockMvcPrintOnlyOnFailureTestExecutionListener, WebDriverTestExecutionListener, MockWebServiceServerTestExecutionListener, ResetMocksTestExecutionListener]
19:21:37.810 [Test worker] DEBUG org.springframework.test.context.support.AbstractDirtiesContextTestExecutionListener - Before test class: class [ControllerIntegrationTests], class annotated with @DirtiesContext [false] with mode [null]
19:21:37.818 [Test worker] DEBUG org.springframework.test.context.support.DependencyInjectionTestExecutionListener - Performing dependency injection for test class com.learning.first.ControllerIntegrationTests

  .   ____          _            __ _ _
 /\\ / ___'_ __ _ _(_)_ __  __ _ \ \ \ \
( ( )\___ | '_ | '_| | '_ \/ _` | \ \ \ \
 \\/  ___)| |_)| | | | | || (_| |  ) ) ) )
  '  |____| .__|_| |_|_| |_\__, | / / / /
 =========|_|==============|___/=/_/_/_/
 :: Spring Boot ::             (v3.1.0-M1)

2023-03-07T19:21:38.011Z  INFO 15461 --- [    Test worker] c.l.first.ControllerIntegrationTests     : Starting ControllerIntegrationTests using Java 19.0.2 with PID 15461 (started by jf in /Users/jf/Documents/github.com/first)
2023-03-07T19:21:38.012Z  INFO 15461 --- [    Test worker] c.l.first.ControllerIntegrationTests     : No active profile set, falling back to 1 default profile: "default"
2023-03-07T19:21:38.633Z  INFO 15461 --- [    Test worker] o.s.b.w.embedded.tomcat.TomcatWebServer  : Tomcat initialized with port(s): 0 (http)
2023-03-07T19:21:38.640Z  INFO 15461 --- [    Test worker] o.apache.catalina.core.StandardService   : Starting service [Tomcat]
2023-03-07T19:21:38.640Z  INFO 15461 --- [    Test worker] o.apache.catalina.core.StandardEngine    : Starting Servlet engine: [Apache Tomcat/10.1.5]
2023-03-07T19:21:38.706Z  INFO 15461 --- [    Test worker] o.a.c.c.C.[Tomcat].[localhost].[/]       : Initializing Spring embedded WebApplicationContext
2023-03-07T19:21:38.707Z  INFO 15461 --- [    Test worker] w.s.c.ServletWebServerApplicationContext : Root WebApplicationContext: initialization completed in 681 ms
2023-03-07T19:21:38.948Z  INFO 15461 --- [    Test worker] o.s.b.w.embedded.tomcat.TomcatWebServer  : Tomcat started on port(s): 54840 (http) with context path ''
2023-03-07T19:21:38.955Z  INFO 15461 --- [    Test worker] c.l.first.ControllerIntegrationTests     : Started ControllerIntegrationTests in 1.119 seconds (process running for 2.059)
2023-03-07T19:21:39.316Z  INFO 15461 --- [o-auto-1-exec-1] o.a.c.c.C.[Tomcat].[localhost].[/]       : Initializing Spring DispatcherServlet 'dispatcherServlet'
2023-03-07T19:21:39.316Z  INFO 15461 --- [o-auto-1-exec-1] o.s.web.servlet.DispatcherServlet        : Initializing Servlet 'dispatcherServlet'
2023-03-07T19:21:39.317Z  INFO 15461 --- [o-auto-1-exec-1] o.s.web.servlet.DispatcherServlet        : Completed initialization in 1 ms
]]></system-out>
  <system-err><![CDATA[]]></system-err>
</testsuite>
